TN:
SF:src\configs\config.js
FNF:0
FNH:0
DA:1,0
DA:3,0
DA:4,0
DA:20,0
LF:4
LH:0
BRF:0
BRH:0
end_of_record
TN:
SF:src\configs\database.js
FN:7,(anonymous_0)
FN:26,(anonymous_1)
FN:27,(anonymous_2)
FNF:3
FNH:1
FNDA:2,(anonymous_0)
FNDA:0,(anonymous_1)
FNDA:0,(anonymous_2)
DA:2,2
DA:3,2
DA:5,2
DA:7,2
DA:8,2
DA:16,2
DA:20,2
DA:23,2
DA:24,0
DA:26,0
DA:28,0
DA:29,0
DA:33,2
LF:13
LH:9
BRDA:13,0,0,2
BRDA:13,0,1,0
BRDA:23,1,0,0
BRDA:23,1,1,2
BRF:4
BRH:2
end_of_record
TN:
SF:src\configs\logger.js
FN:35,(anonymous_0)
FN:72,(anonymous_1)
FNF:2
FNH:0
FNDA:0,(anonymous_0)
FNDA:0,(anonymous_1)
DA:3,1
DA:4,1
DA:7,1
DA:16,1
DA:25,1
DA:28,1
DA:35,0
DA:40,1
DA:63,1
DA:71,1
DA:72,0
DA:75,1
LF:12
LH:10
BRDA:64,0,0,0
BRDA:64,0,1,1
BRF:2
BRH:1
end_of_record
TN:
SF:src\controller\user.controller.js
FN:8,(anonymous_0)
FN:57,(anonymous_1)
FNF:2
FNH:1
FNDA:3,(anonymous_0)
FNDA:0,(anonymous_1)
DA:1,2
DA:2,2
DA:3,2
DA:4,2
DA:5,2
DA:7,2
DA:9,3
DA:10,3
DA:12,3
DA:13,0
DA:17,3
DA:18,0
DA:19,0
DA:25,3
DA:26,3
DA:27,1
DA:32,2
DA:34,2
DA:35,2
DA:37,2
DA:38,1
DA:39,1
DA:46,1
DA:50,0
DA:51,0
DA:58,0
DA:59,0
DA:61,0
DA:62,0
DA:63,0
DA:64,0
DA:70,0
DA:73,0
DA:75,0
DA:79,0
DA:80,0
DA:81,0
DA:87,0
DA:93,0
DA:94,0
DA:100,0
DA:101,0
DA:109,2
LF:43
LH:21
BRDA:10,0,0,3
BRDA:12,1,0,0
BRDA:12,1,1,3
BRDA:12,2,0,3
BRDA:12,2,1,3
BRDA:12,2,2,3
BRDA:17,3,0,0
BRDA:17,3,1,3
BRDA:26,4,0,1
BRDA:26,4,1,2
BRDA:37,5,0,1
BRDA:37,5,1,1
BRDA:62,6,0,0
BRDA:62,6,1,0
BRDA:62,7,0,0
BRDA:62,7,1,0
BRDA:73,8,0,0
BRDA:73,8,1,0
BRDA:79,9,0,0
BRDA:79,9,1,0
BRF:20
BRH:10
end_of_record
TN:
SF:src\middelware\http-logger.midelware.js
FNF:0
FNH:0
DA:2,2
DA:3,2
DA:5,2
DA:10,2
LF:4
LH:4
BRF:0
BRH:0
end_of_record
TN:
SF:src\middelware\validateRequest.js
FN:3,(anonymous_0)
FN:10,(anonymous_1)
FNF:2
FNH:2
FNDA:4,(anonymous_0)
FNDA:2,(anonymous_1)
DA:1,2
DA:3,2
DA:4,4
DA:6,4
DA:7,1
DA:10,2
DA:17,3
DA:20,2
LF:8
LH:8
BRDA:6,0,0,1
BRDA:6,0,1,3
BRF:2
BRH:2
end_of_record
TN:
SF:src\models\user.model.js
FN:4,(anonymous_0)
FNF:1
FNH:1
FNDA:2,(anonymous_0)
DA:1,2
DA:3,2
DA:5,2
DA:6,2
DA:7,2
DA:8,0
DA:16,2
DA:17,2
DA:23,2
DA:24,1
DA:30,0
DA:32,1
DA:37,2
LF:13
LH:11
BRDA:7,0,0,0
BRDA:7,0,1,2
BRDA:7,1,0,2
BRDA:7,1,1,2
BRDA:7,1,2,2
BRDA:23,2,0,1
BRDA:23,2,1,0
BRF:7
BRH:5
end_of_record
TN:
SF:src\routes\user.routes.js
FNF:0
FNH:0
DA:1,2
DA:2,2
DA:6,2
DA:7,2
DA:9,2
DA:11,2
DA:19,2
DA:26,2
LF:8
LH:8
BRF:0
BRH:0
end_of_record
TN:
SF:src\validations\existing-user-validation.js
FN:4,(anonymous_0)
FNF:1
FNH:1
FNDA:3,(anonymous_0)
DA:1,2
DA:2,2
DA:4,2
DA:5,3
DA:6,3
DA:7,0
DA:10,3
DA:11,3
DA:13,2
DA:14,1
DA:15,1
DA:22,1
DA:28,1
DA:32,2
LF:14
LH:13
BRDA:6,0,0,0
BRDA:6,0,1,3
BRDA:13,1,0,1
BRDA:13,1,1,1
BRF:4
BRH:3
end_of_record
TN:
SF:src\validations\user.validator.js
FNF:0
FNH:0
DA:1,2
DA:3,2
DA:31,2
DA:47,2
LF:4
LH:4
BRF:0
BRH:0
end_of_record
